# JRE version: Java(TM) SE Runtime Environment (11.0.6+8) (build 11.0.6+8-LTS)
# Java VM: Java HotSpot(TM) 64-Bit Server VM (11.0.6+8-LTS, mixed mode, tiered, compressed oops, g1 gc, windows-amd64)
Heap:
 garbage-first heap   total 465920K, used 85333K [0x0000000703200000, 0x0000000800000000)
  region size 1024K, 18 young (18432K), 18 survivors (18432K)
 Metaspace       used 13074K, capacity 13233K, committed 13568K, reserved 1062912K
  class space    used 870K, capacity 928K, committed 1024K, reserved 1048576K
GC Heap History (10 events):
Event: 1.915 GC heap after
{Heap after GC invocations=4 (full 0):
 garbage-first heap   total 260096K, used 17444K [0x0000000703200000, 0x0000000800000000)
  region size 1024K, 8 young (8192K), 8 survivors (8192K)
 Metaspace       used 12859K, capacity 13041K, committed 13312K, reserved 1060864K
  class space    used 864K, capacity 928K, committed 1024K, reserved 1048576K
}
Event: 2.489 GC heap before
{Heap before GC invocations=4 (full 0):
 garbage-first heap   total 260096K, used 123940K [0x0000000703200000, 0x0000000800000000)
  region size 1024K, 112 young (114688K), 8 survivors (8192K)
 Metaspace       used 12879K, capacity 13041K, committed 13312K, reserved 1060864K
  class space    used 864K, capacity 928K, committed 1024K, reserved 1048576K
}
Event: 2.509 GC heap after
{Heap after GC invocations=5 (full 0):
 garbage-first heap   total 325632K, used 25156K [0x0000000703200000, 0x0000000800000000)
  region size 1024K, 14 young (14336K), 14 survivors (14336K)
 Metaspace       used 12879K, capacity 13041K, committed 13312K, reserved 1060864K
  class space    used 864K, capacity 928K, committed 1024K, reserved 1048576K
}
Event: 3.092 GC heap before
{Heap before GC invocations=5 (full 0):
 garbage-first heap   total 325632K, used 158276K [0x0000000703200000, 0x0000000800000000)
  region size 1024K, 144 young (147456K), 14 survivors (14336K)
 Metaspace       used 12899K, capacity 13041K, committed 13312K, reserved 1060864K
  class space    used 864K, capacity 928K, committed 1024K, reserved 1048576K
}
Event: 3.108 GC heap after
{Heap after GC invocations=6 (full 0):
 garbage-first heap   total 325632K, used 36569K [0x0000000703200000, 0x0000000800000000)
  region size 1024K, 18 young (18432K), 18 survivors (18432K)
 Metaspace       used 12899K, capacity 13041K, committed 13312K, reserved 1060864K
  class space    used 864K, capacity 928K, committed 1024K, reserved 1048576K
}
Event: 4.133 GC heap before
{Heap before GC invocations=6 (full 0):
 garbage-first heap   total 325632K, used 193241K [0x0000000703200000, 0x0000000800000000)
  region size 1024K, 171 young (175104K), 18 survivors (18432K)
 Metaspace       used 13037K, capacity 13169K, committed 13568K, reserved 1062912K
  class space    used 869K, capacity 928K, committed 1024K, reserved 1048576K
}
Event: 4.154 GC heap after
{Heap after GC invocations=7 (full 0):
 garbage-first heap   total 325632K, used 48870K [0x0000000703200000, 0x0000000800000000)
  region size 1024K, 22 young (22528K), 22 survivors (22528K)
 Metaspace       used 13037K, capacity 13169K, committed 13568K, reserved 1062912K
  class space    used 869K, capacity 928K, committed 1024K, reserved 1048576K
}
Event: 5.057 GC heap before
{Heap before GC invocations=7 (full 0):
 garbage-first heap   total 325632K, used 215782K [0x0000000703200000, 0x0000000800000000)
  region size 1024K, 185 young (189440K), 22 survivors (22528K)
 Metaspace       used 13071K, capacity 13233K, committed 13568K, reserved 1062912K
  class space    used 870K, capacity 928K, committed 1024K, reserved 1048576K
}
Event: 5.088 GC heap after
{Heap after GC invocations=8 (full 0):
 garbage-first heap   total 325632K, used 65314K [0x0000000703200000, 0x0000000800000000)
  region size 1024K, 24 young (24576K), 24 survivors (24576K)
 Metaspace       used 13071K, capacity 13233K, committed 13568K, reserved 1062912K
  class space    used 870K, capacity 928K, committed 1024K, reserved 1048576K
}
Event: 5.788 GC heap before
{Heap before GC invocations=8 (full 0):
 garbage-first heap   total 325632K, used 234274K [0x0000000703200000, 0x0000000800000000)
  region size 1024K, 189 young (193536K), 24 survivors (24576K)
 Metaspace       used 13074K, capacity 13233K, committed 13568K, reserved 1062912K
  class space    used 870K, capacity 928K, committed 1024K, reserved 1048576K
}

